2020-12-02 10:06:15: >>>>>>>>>>>>>>>>>>>>>>>>>>>>>>>>>>>>>>>>>>>>>>>
2020-12-02 10:06:15: run test loops 1
2020-12-02 10:06:15: >>>>>>>>>>>>>>>>>>>>>>>>>>>>>>>>>>>>>>>>>>>>>>>
2020-12-02 10:06:16: 192::11 mgmt service status health.
2020-12-02 10:06:17: 192::12 mgmt service status health.
2020-12-02 10:06:18: 192::13 mgmt service status health.
2020-12-02 10:06:18: cluster present status record
   osd         name   id   group       role        state   mode                  space|inode<free/total> 
   101   node1-stor  101       1      slave     up/clean     L0        <219.1GiB/219.5GiB|222.5M/223.6M> 
   201   node2-stor  201       1     master     up/clean     L0        <218.6GiB/219.5GiB|222.5M/223.6M> 
   301   node3-stor  301       2     master     up/clean     L0        <442.6GiB/443.0GiB|446.0M/447.1M> 
   401   node4-stor  401       2      slave     up/clean     L0        <219.1GiB/219.5GiB|222.5M/223.6M> 
   osd         name   id   group       role        state   mode                  space|inode<free/total>    type  vol 
  1001   node1-stor  101       1     master     up/clean     L1        <320.4GiB/838.0GiB|418.8M/419.2M>   local    1 
  1002   node1-stor  101       3     master     up/clean     L1        <297.1GiB/838.0GiB|418.8M/419.2M>   local    1 
  1003   node1-stor  101       5     master     up/clean     L1        <353.3GiB/838.0GiB|418.8M/419.2M>   local    1 
  2001   node2-stor  201       1      slave     up/clean     L1        <320.4GiB/838.0GiB|418.8M/419.2M>   local    1 
  2002   node2-stor  201       3      slave     up/clean     L1        <296.9GiB/838.0GiB|418.8M/419.2M>   local    1 
  2003   node2-stor  201       5      slave     up/clean     L1        <353.4GiB/838.0GiB|418.8M/419.2M>   local    1 
  3001   node3-stor  301       2      slave     up/clean     L1        <321.7GiB/838.0GiB|418.8M/419.2M>   local    1 
  3002   node3-stor  301       4      slave     up/clean     L1        <353.1GiB/838.0GiB|418.8M/419.2M>   local    1 
  3003   node3-stor  301       6      slave     up/clean     L1        <346.7GiB/838.0GiB|418.8M/419.2M>   local    1 
  4001   node4-stor  401       2     master     up/clean     L1        <321.7GiB/838.0GiB|418.8M/419.2M>   local    1 
  4002   node4-stor  401       4     master     up/clean     L1        <353.1GiB/838.0GiB|418.8M/419.2M>   local    1 
  4003   node4-stor  401       6     master     up/clean     L1        <346.7GiB/838.0GiB|418.8M/419.2M>   local    1 
192::11 master
192::12 slave
192::13 slave
2020-12-02 10:06:18: 192::11 etcd service status:
   Active: active (running) since Mon 2020-11-30 20:14:14 CST; 1 day 13h ago
2020-12-02 10:06:19: 192::11 mgmtd service status:
   Active: active (running) since Mon 2020-11-30 20:14:14 CST; 1 day 13h ago
2020-12-02 10:06:19: 192::12 etcd service status:
   Active: active (running) since Tue 2020-12-01 10:51:01 CST; 23h ago
2020-12-02 10:06:20: 192::12 mgmtd service status:
   Active: active (running) since Tue 2020-12-01 10:51:01 CST; 23h ago
2020-12-02 10:06:20: 192::13 etcd service status:
   Active: active (running) since Mon 2020-11-30 19:30:58 CST; 1 day 14h ago
2020-12-02 10:06:21: 192::13 mgmtd service status:
   Active: active (running) since Mon 2020-11-30 19:30:58 CST; 1 day 14h ago
2020-12-02 10:06:21: kill meta test running.....
2020-12-02 10:06:21: mds node node2-stor stop
2020-12-02 10:06:22: mds node node3-stor stop
Sleep 30s:
2020-12-02 10:06:53: mds node node2-stor start
2020-12-02 10:06:53: mds node node3-stor start
2020-12-02 10:06:55: 192::11 mgmt service status health.
2020-12-02 10:06:55: 192::12 mgmt service status health.
2020-12-02 10:06:55: 192::13 mgmt service status health.
2020-12-02 10:06:55: cluster rebuilding,mds dirty: 2,oss dirty: 0,mgmt offline: 0
Sleep 30s:
2020-12-02 10:07:27: 192::11 mgmt service status health.
2020-12-02 10:07:27: 192::12 mgmt service status health.
2020-12-02 10:07:28: 192::13 mgmt service status health.
2020-12-02 10:07:28: cluster rebuilding,mds dirty: 1,oss dirty: 0,mgmt offline: 0
Sleep 30s:
2020-12-02 10:07:59: 192::11 mgmt service status health.
2020-12-02 10:07:59: 192::12 mgmt service status health.
2020-12-02 10:08:00: 192::13 mgmt service status health.
2020-12-02 10:08:00: cluster rebuilding,mds dirty: 1,oss dirty: 0,mgmt offline: 0
Sleep 30s:
2020-12-02 10:08:31: 192::11 mgmt service status health.
2020-12-02 10:08:32: 192::12 mgmt service status health.
2020-12-02 10:08:32: 192::13 mgmt service status health.
2020-12-02 10:08:32: cluster present status record
   osd         name   id   group       role        state   mode                  space|inode<free/total> 
   101   node1-stor  101       1     master     up/clean     L0        <219.1GiB/219.5GiB|222.5M/223.6M> 
   201   node2-stor  201       1      slave     up/clean     L0        <219.1GiB/219.5GiB|222.5M/223.6M> 
   301   node3-stor  301       2      slave     up/clean     L0        <442.6GiB/443.0GiB|446.0M/447.1M> 
   401   node4-stor  401       2     master     up/clean     L0        <219.1GiB/219.5GiB|222.5M/223.6M> 
   osd         name   id   group       role        state   mode                  space|inode<free/total>    type  vol 
  1001   node1-stor  101       1     master     up/clean     L1        <320.4GiB/838.0GiB|418.8M/419.2M>   local    1 
  1002   node1-stor  101       3     master     up/clean     L1        <297.1GiB/838.0GiB|418.8M/419.2M>   local    1 
  1003   node1-stor  101       5     master     up/clean     L1        <353.3GiB/838.0GiB|418.8M/419.2M>   local    1 
  2001   node2-stor  201       1      slave     up/clean     L1        <320.4GiB/838.0GiB|418.8M/419.2M>   local    1 
  2002   node2-stor  201       3      slave     up/clean     L1        <296.9GiB/838.0GiB|418.8M/419.2M>   local    1 
  2003   node2-stor  201       5      slave     up/clean     L1        <353.4GiB/838.0GiB|418.8M/419.2M>   local    1 
  3001   node3-stor  301       2      slave     up/clean     L1        <321.7GiB/838.0GiB|418.8M/419.2M>   local    1 
  3002   node3-stor  301       4      slave     up/clean     L1        <353.1GiB/838.0GiB|418.8M/419.2M>   local    1 
  3003   node3-stor  301       6      slave     up/clean     L1        <346.7GiB/838.0GiB|418.8M/419.2M>   local    1 
  4001   node4-stor  401       2     master     up/clean     L1        <321.7GiB/838.0GiB|418.8M/419.2M>   local    1 
  4002   node4-stor  401       4     master     up/clean     L1        <353.1GiB/838.0GiB|418.8M/419.2M>   local    1 
  4003   node4-stor  401       6     master     up/clean     L1        <346.7GiB/838.0GiB|418.8M/419.2M>   local    1 
192::11 master
192::12 slave
192::13 slave
2020-12-02 10:08:33: 192::11 etcd service status:
   Active: active (running) since Mon 2020-11-30 20:14:14 CST; 1 day 13h ago
2020-12-02 10:08:33: 192::11 mgmtd service status:
   Active: active (running) since Mon 2020-11-30 20:14:14 CST; 1 day 13h ago
2020-12-02 10:08:34: 192::12 etcd service status:
   Active: active (running) since Tue 2020-12-01 10:51:01 CST; 23h ago
2020-12-02 10:08:34: 192::12 mgmtd service status:
   Active: active (running) since Tue 2020-12-01 10:51:01 CST; 23h ago
2020-12-02 10:08:34: 192::13 etcd service status:
   Active: active (running) since Mon 2020-11-30 19:30:58 CST; 1 day 14h ago
2020-12-02 10:08:35: 192::13 mgmtd service status:
   Active: active (running) since Mon 2020-11-30 19:30:58 CST; 1 day 14h ago
2020-12-02 10:08:35: kill mgmt test running.....
2020-12-02 10:08:35: mgmt node 192::11 stop
Sleep 30s:
2020-12-02 10:09:07: mgmt node 192::11 start
2020-12-02 10:09:07: 192::11 mgmt service status health.
2020-12-02 10:09:07: 192::12 mgmt service status health.
2020-12-02 10:09:08: 192::13 mgmt service status health.
2020-12-02 10:09:08: cluster present status record
   osd         name   id   group       role        state   mode                  space|inode<free/total> 
   101   node1-stor  101       1     master     up/clean     L0        <219.1GiB/219.5GiB|222.5M/223.6M> 
   201   node2-stor  201       1      slave     up/clean     L0        <219.1GiB/219.5GiB|222.5M/223.6M> 
   301   node3-stor  301       2      slave     up/clean     L0        <442.6GiB/443.0GiB|446.0M/447.1M> 
   401   node4-stor  401       2     master     up/clean     L0        <219.1GiB/219.5GiB|222.5M/223.6M> 
   osd         name   id   group       role        state   mode                  space|inode<free/total>    type  vol 
  1001   node1-stor  101       1     master     up/clean     L1        <320.4GiB/838.0GiB|418.8M/419.2M>   local    1 
  1002   node1-stor  101       3     master     up/clean     L1        <297.1GiB/838.0GiB|418.8M/419.2M>   local    1 
  1003   node1-stor  101       5     master     up/clean     L1        <353.3GiB/838.0GiB|418.8M/419.2M>   local    1 
  2001   node2-stor  201       1      slave     up/clean     L1        <320.4GiB/838.0GiB|418.8M/419.2M>   local    1 
  2002   node2-stor  201       3      slave     up/clean     L1        <296.9GiB/838.0GiB|418.8M/419.2M>   local    1 
  2003   node2-stor  201       5      slave     up/clean     L1        <353.4GiB/838.0GiB|418.8M/419.2M>   local    1 
  3001   node3-stor  301       2      slave     up/clean     L1        <321.7GiB/838.0GiB|418.8M/419.2M>   local    1 
  3002   node3-stor  301       4      slave     up/clean     L1        <353.1GiB/838.0GiB|418.8M/419.2M>   local    1 
  3003   node3-stor  301       6      slave     up/clean     L1        <346.7GiB/838.0GiB|418.8M/419.2M>   local    1 
  4001   node4-stor  401       2     master     up/clean     L1        <321.7GiB/838.0GiB|418.8M/419.2M>   local    1 
  4002   node4-stor  401       4     master     up/clean     L1        <353.1GiB/838.0GiB|418.8M/419.2M>   local    1 
  4003   node4-stor  401       6     master     up/clean     L1        <346.7GiB/838.0GiB|418.8M/419.2M>   local    1 
192::11 master
192::12 slave
192::13 slave
2020-12-02 10:09:08: 192::11 etcd service status:
   Active: active (running) since Wed 2020-12-02 10:10:26 CST; 24s ago
2020-12-02 10:09:08: 192::11 mgmtd service status:
   Active: active (running) since Wed 2020-12-02 10:10:26 CST; 24s ago
2020-12-02 10:09:08: 192::12 etcd service status:
   Active: active (running) since Tue 2020-12-01 10:51:01 CST; 23h ago
2020-12-02 10:09:08: 192::12 mgmtd service status:
   Active: active (running) since Tue 2020-12-01 10:51:01 CST; 23h ago
2020-12-02 10:09:08: 192::13 etcd service status:
   Active: active (running) since Mon 2020-11-30 19:30:58 CST; 1 day 14h ago
2020-12-02 10:09:09: 192::13 mgmtd service status:
   Active: active (running) since Mon 2020-11-30 19:30:58 CST; 1 day 14h ago
2020-12-02 10:09:09: kill oss test running......
2020-12-02 10:09:09: oss node node1-stor stop
2020-12-02 10:09:10: oss node node4-stor stop
Sleep 30s:
2020-12-02 10:09:40: oss node node1-stor start
2020-12-02 10:09:40: oss node node4-stor start
2020-12-02 10:09:41: 192::11 mgmt service status health.
2020-12-02 10:09:41: 192::12 mgmt service status health.
2020-12-02 10:09:42: 192::13 mgmt service status health.
2020-12-02 10:09:42: cluster rebuilding,mds dirty: 0,oss dirty: 6,mgmt offline: 0
Sleep 30s:
2020-12-02 10:10:12: 192::11 mgmt service status health.
2020-12-02 10:10:12: 192::12 mgmt service status health.
2020-12-02 10:10:13: 192::13 mgmt service status health.
2020-12-02 10:10:13: cluster rebuilding,mds dirty: 0,oss dirty: 6,mgmt offline: 0
Sleep 30s:
2020-12-02 10:10:43: 192::11 mgmt service status health.
2020-12-02 10:10:43: 192::12 mgmt service status health.
2020-12-02 10:10:44: 192::13 mgmt service status health.
2020-12-02 10:10:44: cluster rebuilding,mds dirty: 0,oss dirty: 6,mgmt offline: 0
Sleep 30s:
2020-12-02 10:11:16: 192::11 mgmt service status health.
2020-12-02 10:11:16: 192::12 mgmt service status health.
2020-12-02 10:11:17: 192::13 mgmt service status health.
2020-12-02 10:11:17: cluster rebuilding,mds dirty: 0,oss dirty: 6,mgmt offline: 0
Sleep 30s:
2020-12-02 10:11:48: 192::11 mgmt service status health.
2020-12-02 10:11:48: 192::12 mgmt service status health.
2020-12-02 10:11:49: 192::13 mgmt service status health.
2020-12-02 10:11:49: cluster rebuilding,mds dirty: 0,oss dirty: 3,mgmt offline: 0
Sleep 30s:
2020-12-02 10:12:20: 192::11 mgmt service status health.
2020-12-02 10:12:20: 192::12 mgmt service status health.
2020-12-02 10:12:21: 192::13 mgmt service status health.
2020-12-02 10:12:21: cluster present status record
   osd         name   id   group       role        state   mode                  space|inode<free/total> 
   101   node1-stor  101       1     master     up/clean     L0        <219.1GiB/219.5GiB|222.5M/223.6M> 
   201   node2-stor  201       1      slave     up/clean     L0        <219.1GiB/219.5GiB|222.5M/223.6M> 
   301   node3-stor  301       2      slave     up/clean     L0        <442.6GiB/443.0GiB|446.0M/447.1M> 
   401   node4-stor  401       2     master     up/clean     L0        <219.1GiB/219.5GiB|222.5M/223.6M> 
   osd         name   id   group       role        state   mode                  space|inode<free/total>    type  vol 
  1001   node1-stor  101       1      slave     up/clean     L1        <320.4GiB/838.0GiB|418.8M/419.2M>   local    1 
  1002   node1-stor  101       3      slave     up/clean     L1        <297.1GiB/838.0GiB|418.8M/419.2M>   local    1 
  1003   node1-stor  101       5      slave     up/clean     L1        <353.3GiB/838.0GiB|418.8M/419.2M>   local    1 
  2001   node2-stor  201       1     master     up/clean     L1        <320.4GiB/838.0GiB|418.8M/419.2M>   local    1 
  2002   node2-stor  201       3     master     up/clean     L1        <296.9GiB/838.0GiB|418.8M/419.2M>   local    1 
  2003   node2-stor  201       5     master     up/clean     L1        <353.4GiB/838.0GiB|418.8M/419.2M>   local    1 
  3001   node3-stor  301       2     master     up/clean     L1        <321.7GiB/838.0GiB|418.8M/419.2M>   local    1 
  3002   node3-stor  301       4     master     up/clean     L1        <353.1GiB/838.0GiB|418.8M/419.2M>   local    1 
  3003   node3-stor  301       6     master     up/clean     L1        <346.7GiB/838.0GiB|418.8M/419.2M>   local    1 
  4001   node4-stor  401       2      slave     up/clean     L1        <321.7GiB/838.0GiB|418.8M/419.2M>   local    1 
  4002   node4-stor  401       4      slave     up/clean     L1        <353.1GiB/838.0GiB|418.8M/419.2M>   local    1 
  4003   node4-stor  401       6      slave     up/clean     L1        <346.7GiB/838.0GiB|418.8M/419.2M>   local    1 
192::11 master
192::12 slave
192::13 slave
2020-12-02 10:12:22: 192::11 etcd service status:
   Active: active (running) since Wed 2020-12-02 10:10:26 CST; 3min 39s ago
2020-12-02 10:12:22: 192::11 mgmtd service status:
   Active: active (running) since Wed 2020-12-02 10:10:26 CST; 3min 39s ago
2020-12-02 10:12:22: 192::12 etcd service status:
   Active: active (running) since Tue 2020-12-01 10:51:01 CST; 23h ago
2020-12-02 10:12:23: 192::12 mgmtd service status:
   Active: active (running) since Tue 2020-12-01 10:51:01 CST; 23h ago
2020-12-02 10:12:23: 192::13 etcd service status:
   Active: active (running) since Mon 2020-11-30 19:30:58 CST; 1 day 14h ago
2020-12-02 10:12:25: 192::13 mgmtd service status:
   Active: active (running) since Mon 2020-11-30 19:30:58 CST; 1 day 14h ago
2020-12-02 10:12:25: crash node test running......
2020-12-02 10:12:25: node 192::11 crashed
Sleep 30s:
2020-12-02 10:12:56: >>>>>>>>>>>>>>>>>>>>>>>>>>>>>>>>>>>>>>>>>>>>>>>
2020-12-02 10:12:56: run test loops 2
2020-12-02 10:12:56: >>>>>>>>>>>>>>>>>>>>>>>>>>>>>>>>>>>>>>>>>>>>>>>
2020-12-02 10:13:23: 192::11 mgmt service was down and trying reboot times: 1.
Sleep 10s:
2020-12-02 10:13:39: 192::11 mgmt service was down and trying reboot times: 2.
Sleep 10s:
2020-12-02 10:13:55: 192::11 mgmt service was down and trying reboot times: 3.
Sleep 10s:
2020-12-02 10:14:11: 192::11 mgmt service was down and trying reboot times: 4.
Sleep 10s:
2020-12-02 10:14:27: 192::11 mgmt service was down and trying reboot times: 5.
Sleep 10s:
2020-12-02 10:14:43: 192::11 mgmt service was down and trying reboot times: 6.
Sleep 10s:
2020-12-02 10:14:59: 192::11 mgmt service was down and trying reboot times: 7.
Sleep 10s:
2020-12-02 10:15:13: 192::11 mgmt service was down and trying reboot times: 8.
Sleep 10s:
2020-12-02 10:15:24: 192::11 mgmt service status health.
2020-12-02 10:15:24: 192::12 mgmt service status health.
2020-12-02 10:15:25: 192::13 mgmt service status health.
2020-12-02 10:15:25: cluster rebuilding,mds dirty: 1,oss dirty: 3,mgmt offline: 0
Sleep 30s:
2020-12-02 10:15:56: 192::11 mgmt service status health.
2020-12-02 10:15:56: 192::12 mgmt service status health.
2020-12-02 10:15:57: 192::13 mgmt service status health.
2020-12-02 10:15:57: cluster rebuilding,mds dirty: 0,oss dirty: 3,mgmt offline: 0
Sleep 30s:
2020-12-02 10:16:28: 192::11 mgmt service status health.
2020-12-02 10:16:29: 192::12 mgmt service status health.
2020-12-02 10:16:29: 192::13 mgmt service status health.
2020-12-02 10:16:29: cluster rebuilding,mds dirty: 0,oss dirty: 3,mgmt offline: 0
Sleep 30s:
2020-12-02 10:17:01: 192::11 mgmt service status health.
2020-12-02 10:17:01: 192::12 mgmt service status health.
2020-12-02 10:17:01: 192::13 mgmt service status health.
2020-12-02 10:17:01: cluster rebuilding,mds dirty: 0,oss dirty: 3,mgmt offline: 0
Sleep 30s:
2020-12-02 10:17:34: 192::11 mgmt service status health.
2020-12-02 10:17:34: 192::12 mgmt service status health.
2020-12-02 10:17:35: 192::13 mgmt service status health.
2020-12-02 10:17:35: cluster rebuilding,mds dirty: 0,oss dirty: 2,mgmt offline: 0
Sleep 30s:
2020-12-02 10:18:06: 192::11 mgmt service status health.
2020-12-02 10:18:06: 192::12 mgmt service status health.
2020-12-02 10:18:07: 192::13 mgmt service status health.
2020-12-02 10:18:07: cluster present status record
   osd         name   id   group       role        state   mode                  space|inode<free/total> 
   101   node1-stor  101       1      slave     up/clean     L0        <219.1GiB/219.5GiB|222.5M/223.6M> 
   201   node2-stor  201       1     master     up/clean     L0        <218.9GiB/219.5GiB|222.5M/223.6M> 
   301   node3-stor  301       2      slave     up/clean     L0        <442.6GiB/443.0GiB|446.0M/447.1M> 
   401   node4-stor  401       2     master     up/clean     L0        <219.1GiB/219.5GiB|222.5M/223.6M> 
   osd         name   id   group       role        state   mode                  space|inode<free/total>    type  vol 
  1001   node1-stor  101       1      slave     up/clean     L1        <320.4GiB/838.0GiB|418.8M/419.2M>   local    1 
  1002   node1-stor  101       3      slave     up/clean     L1        <297.1GiB/838.0GiB|418.8M/419.2M>   local    1 
  1003   node1-stor  101       5      slave     up/clean     L1        <353.3GiB/838.0GiB|418.8M/419.2M>   local    1 
  2001   node2-stor  201       1     master     up/clean     L1        <320.4GiB/838.0GiB|418.8M/419.2M>   local    1 
  2002   node2-stor  201       3     master     up/clean     L1        <296.9GiB/838.0GiB|418.8M/419.2M>   local    1 
  2003   node2-stor  201       5     master     up/clean     L1        <353.4GiB/838.0GiB|418.8M/419.2M>   local    1 
  3001   node3-stor  301       2     master     up/clean     L1        <321.7GiB/838.0GiB|418.8M/419.2M>   local    1 
  3002   node3-stor  301       4     master     up/clean     L1        <353.1GiB/838.0GiB|418.8M/419.2M>   local    1 
  3003   node3-stor  301       6     master     up/clean     L1        <346.7GiB/838.0GiB|418.8M/419.2M>   local    1 
  4001   node4-stor  401       2      slave     up/clean     L1        <321.7GiB/838.0GiB|418.8M/419.2M>   local    1 
  4002   node4-stor  401       4      slave     up/clean     L1        <353.1GiB/838.0GiB|418.8M/419.2M>   local    1 
  4003   node4-stor  401       6      slave     up/clean     L1        <346.7GiB/838.0GiB|418.8M/419.2M>   local    1 
192::11 slave
192::12 master
192::13 slave
2020-12-02 10:18:08: 192::11 etcd service status:
   Active: active (running) since Wed 2020-12-02 10:16:57 CST; 2min 54s ago
2020-12-02 10:18:08: 192::11 mgmtd service status:
   Active: active (running) since Wed 2020-12-02 10:16:57 CST; 2min 54s ago
2020-12-02 10:18:08: 192::12 etcd service status:
   Active: active (running) since Tue 2020-12-01 10:51:01 CST; 23h ago
2020-12-02 10:18:09: 192::12 mgmtd service status:
   Active: active (running) since Tue 2020-12-01 10:51:01 CST; 23h ago
2020-12-02 10:18:09: 192::13 etcd service status:
   Active: active (running) since Mon 2020-11-30 19:30:58 CST; 1 day 14h ago
2020-12-02 10:18:09: 192::13 mgmtd service status:
   Active: active (running) since Mon 2020-11-30 19:30:58 CST; 1 day 14h ago
2020-12-02 10:18:10: kill meta test running.....
2020-12-02 10:18:10: mds node node2-stor stop
2020-12-02 10:18:10: mds node node4-stor stop
Sleep 30s:
2020-12-02 10:18:41: mds node node2-stor start
2020-12-02 10:18:41: mds node node4-stor start
2020-12-02 10:18:42: 192::11 mgmt service status health.
2020-12-02 10:18:42: 192::12 mgmt service status health.
2020-12-02 10:18:42: 192::13 mgmt service status health.
2020-12-02 10:18:42: cluster rebuilding,mds dirty: 2,oss dirty: 0,mgmt offline: 0
Sleep 30s:
2020-12-02 10:19:13: 192::11 mgmt service status health.
2020-12-02 10:19:13: 192::12 mgmt service status health.
2020-12-02 10:19:13: 192::13 mgmt service status health.
2020-12-02 10:19:13: cluster rebuilding,mds dirty: 2,oss dirty: 0,mgmt offline: 0
Sleep 30s:
2020-12-02 10:19:44: 192::11 mgmt service status health.
2020-12-02 10:19:44: 192::12 mgmt service status health.
2020-12-02 10:19:44: 192::13 mgmt service status health.
2020-12-02 10:19:44: cluster rebuilding,mds dirty: 2,oss dirty: 0,mgmt offline: 0
Sleep 30s:
2020-12-02 10:20:15: 192::11 mgmt service status health.
2020-12-02 10:20:15: 192::12 mgmt service status health.
2020-12-02 10:20:15: 192::13 mgmt service status health.
2020-12-02 10:20:15: cluster present status record
   osd         name   id   group       role        state   mode                  space|inode<free/total> 
   101   node1-stor  101       1     master     up/clean     L0        <219.0GiB/219.5GiB|222.5M/223.6M> 
   201   node2-stor  201       1      slave     up/clean     L0        <219.1GiB/219.5GiB|222.5M/223.6M> 
   301   node3-stor  301       2     master     up/clean     L0        <442.6GiB/443.0GiB|446.0M/447.1M> 
   401   node4-stor  401       2      slave     up/clean     L0        <219.1GiB/219.5GiB|222.5M/223.6M> 
   osd         name   id   group       role        state   mode                  space|inode<free/total>    type  vol 
  1001   node1-stor  101       1      slave     up/clean     L1        <320.4GiB/838.0GiB|418.8M/419.2M>   local    1 
  1002   node1-stor  101       3      slave     up/clean     L1        <297.1GiB/838.0GiB|418.8M/419.2M>   local    1 
  1003   node1-stor  101       5      slave     up/clean     L1        <353.3GiB/838.0GiB|418.8M/419.2M>   local    1 
  2001   node2-stor  201       1     master     up/clean     L1        <320.4GiB/838.0GiB|418.8M/419.2M>   local    1 
  2002   node2-stor  201       3     master     up/clean     L1        <296.9GiB/838.0GiB|418.8M/419.2M>   local    1 
  2003   node2-stor  201       5     master     up/clean     L1        <353.4GiB/838.0GiB|418.8M/419.2M>   local    1 
  3001   node3-stor  301       2     master     up/clean     L1        <321.7GiB/838.0GiB|418.8M/419.2M>   local    1 
  3002   node3-stor  301       4     master     up/clean     L1        <353.1GiB/838.0GiB|418.8M/419.2M>   local    1 
  3003   node3-stor  301       6     master     up/clean     L1        <346.7GiB/838.0GiB|418.8M/419.2M>   local    1 
  4001   node4-stor  401       2      slave     up/clean     L1        <321.7GiB/838.0GiB|418.8M/419.2M>   local    1 
  4002   node4-stor  401       4      slave     up/clean     L1        <353.1GiB/838.0GiB|418.8M/419.2M>   local    1 
  4003   node4-stor  401       6      slave     up/clean     L1        <346.7GiB/838.0GiB|418.8M/419.2M>   local    1 
192::11 slave
192::12 master
192::13 slave
2020-12-02 10:20:15: 192::11 etcd service status:
   Active: active (running) since Wed 2020-12-02 10:16:57 CST; 5min ago
2020-12-02 10:20:16: 192::11 mgmtd service status:
   Active: active (running) since Wed 2020-12-02 10:16:57 CST; 5min ago
2020-12-02 10:20:16: 192::12 etcd service status:
   Active: active (running) since Tue 2020-12-01 10:51:01 CST; 23h ago
2020-12-02 10:20:16: 192::12 mgmtd service status:
   Active: active (running) since Tue 2020-12-01 10:51:01 CST; 23h ago
2020-12-02 10:20:16: 192::13 etcd service status:
   Active: active (running) since Mon 2020-11-30 19:30:58 CST; 1 day 14h ago
2020-12-02 10:20:16: 192::13 mgmtd service status:
   Active: active (running) since Mon 2020-11-30 19:30:58 CST; 1 day 14h ago
2020-12-02 10:20:17: kill mgmt test running.....
2020-12-02 10:20:17: mgmt node 192::12 stop
Sleep 30s:
2020-12-02 10:20:47: mgmt node 192::12 start
2020-12-02 10:20:48: 192::11 mgmt service status health.
2020-12-02 10:20:48: 192::12 mgmt service status health.
2020-12-02 10:20:48: 192::13 mgmt service status health.
2020-12-02 10:20:48: cluster present status record
   osd         name   id   group       role        state   mode                  space|inode<free/total> 
   101   node1-stor  101       1     master     up/clean     L0        <219.0GiB/219.5GiB|222.5M/223.6M> 
   201   node2-stor  201       1      slave     up/clean     L0        <219.1GiB/219.5GiB|222.5M/223.6M> 
   301   node3-stor  301       2     master     up/clean     L0        <442.6GiB/443.0GiB|446.0M/447.1M> 
   401   node4-stor  401       2      slave     up/clean     L0        <219.1GiB/219.5GiB|222.5M/223.6M> 
   osd         name   id   group       role        state   mode                  space|inode<free/total>    type  vol 
  1001   node1-stor  101       1      slave     up/clean     L1        <320.4GiB/838.0GiB|418.8M/419.2M>   local    1 
  1002   node1-stor  101       3      slave     up/clean     L1        <297.1GiB/838.0GiB|418.8M/419.2M>   local    1 
  1003   node1-stor  101       5      slave     up/clean     L1        <353.3GiB/838.0GiB|418.8M/419.2M>   local    1 
  2001   node2-stor  201       1     master     up/clean     L1        <320.4GiB/838.0GiB|418.8M/419.2M>   local    1 
  2002   node2-stor  201       3     master     up/clean     L1        <296.9GiB/838.0GiB|418.8M/419.2M>   local    1 
  2003   node2-stor  201       5     master     up/clean     L1        <353.4GiB/838.0GiB|418.8M/419.2M>   local    1 
  3001   node3-stor  301       2     master     up/clean     L1        <321.7GiB/838.0GiB|418.8M/419.2M>   local    1 
  3002   node3-stor  301       4     master     up/clean     L1        <353.1GiB/838.0GiB|418.8M/419.2M>   local    1 
  3003   node3-stor  301       6     master     up/clean     L1        <346.7GiB/838.0GiB|418.8M/419.2M>   local    1 
  4001   node4-stor  401       2      slave     up/clean     L1        <321.7GiB/838.0GiB|418.8M/419.2M>   local    1 
  4002   node4-stor  401       4      slave     up/clean     L1        <353.1GiB/838.0GiB|418.8M/419.2M>   local    1 
  4003   node4-stor  401       6      slave     up/clean     L1        <346.7GiB/838.0GiB|418.8M/419.2M>   local    1 
192::11 slave
192::12 master
192::13 slave
2020-12-02 10:20:48: 192::11 etcd service status:
   Active: active (running) since Wed 2020-12-02 10:16:57 CST; 5min ago
2020-12-02 10:20:49: 192::11 mgmtd service status:
   Active: active (running) since Wed 2020-12-02 10:16:57 CST; 5min ago
2020-12-02 10:20:49: 192::12 etcd service status:
   Active: active (running) since Wed 2020-12-02 10:22:06 CST; 25s ago
2020-12-02 10:20:49: 192::12 mgmtd service status:
   Active: active (running) since Wed 2020-12-02 10:22:06 CST; 25s ago
2020-12-02 10:20:49: 192::13 etcd service status:
   Active: active (running) since Mon 2020-11-30 19:30:58 CST; 1 day 14h ago
2020-12-02 10:20:49: 192::13 mgmtd service status:
   Active: active (running) since Mon 2020-11-30 19:30:58 CST; 1 day 14h ago
2020-12-02 10:20:50: kill oss test running......
2020-12-02 10:20:50: oss node node2-stor stop
2020-12-02 10:20:50: oss node node3-stor stop
Sleep 30s:
2020-12-02 10:21:21: oss node node2-stor start
2020-12-02 10:21:21: oss node node3-stor start
2020-12-02 10:21:22: 192::11 mgmt service status health.
2020-12-02 10:21:22: 192::12 mgmt service status health.
2020-12-02 10:21:22: 192::13 mgmt service status health.
2020-12-02 10:21:22: cluster rebuilding,mds dirty: 0,oss dirty: 6,mgmt offline: 0
Sleep 30s:
2020-12-02 10:21:53: 192::11 mgmt service status health.
2020-12-02 10:21:53: 192::12 mgmt service status health.
2020-12-02 10:21:53: 192::13 mgmt service status health.
2020-12-02 10:21:53: cluster rebuilding,mds dirty: 0,oss dirty: 6,mgmt offline: 0
Sleep 30s:
2020-12-02 10:22:24: 192::11 mgmt service status health.
2020-12-02 10:22:24: 192::12 mgmt service status health.
2020-12-02 10:22:24: 192::13 mgmt service status health.
2020-12-02 10:22:24: cluster rebuilding,mds dirty: 0,oss dirty: 6,mgmt offline: 0
Sleep 30s: